  dllmain.cpp
C:\Users\alani\Desktop\Projects\1.9-GS\1.9GS\SDK\SDK\Engine_classes.hpp(596,70): warning C4099: 'SDK::FVector': type name first seen using 'struct' now seen using 'class'
C:\Users\alani\Desktop\Projects\1.9-GS\1.9GS\Helpers.h(33,25): warning C4244: '=': conversion from 'double' to 'float', possible loss of data
C:\Users\alani\Desktop\Projects\1.9-GS\1.9GS\Helpers.h(34,26): warning C4244: '=': conversion from 'double' to 'float', possible loss of data
C:\Users\alani\Desktop\Projects\1.9-GS\1.9GS\Helpers.h(35,25): warning C4244: '=': conversion from 'double' to 'float', possible loss of data
C:\Users\alani\Desktop\Projects\1.9-GS\1.9GS\Helpers.h(36,25): warning C4244: '=': conversion from 'double' to 'float', possible loss of data
C:\Users\alani\Desktop\Projects\1.9-GS\1.9GS\NetworkDriver.h(131,100): warning C4244: 'initializing': conversion from 'double' to 'float', possible loss of data
C:\Users\alani\Desktop\Projects\1.9-GS\1.9GS\NetworkDriver.h(131,35): warning C4244: 'initializing': conversion from 'double' to 'const float', possible loss of data
C:\Users\alani\Desktop\Projects\1.9-GS\1.9GS\NetworkDriver.h(142,106): warning C4244: 'argument': conversion from 'const float' to 'UC::int32', possible loss of data
C:\Users\alani\Desktop\Projects\1.9-GS\1.9GS\NetworkDriver.h(142,74): warning C4244: 'argument': conversion from 'float' to 'UC::int32', possible loss of data
C:\Users\alani\Desktop\Projects\1.9-GS\1.9GS\NetworkDriver.h(142,68): warning C4244: 'initializing': conversion from 'UC::int32' to 'float', possible loss of data
C:\Users\alani\Desktop\Projects\1.9-GS\1.9GS\NetworkDriver.h(142,33): warning C4244: 'initializing': conversion from 'UC::int32' to 'const float', possible loss of data
C:\Users\alani\Desktop\Projects\1.9-GS\1.9GS\NetworkDriver.h(145,131): warning C4244: 'argument': conversion from 'float' to 'UC::int32', possible loss of data
C:\Users\alani\Desktop\Projects\1.9-GS\1.9GS\NetworkDriver.h(145,125): warning C4244: 'argument': conversion from 'float' to 'UC::int32', possible loss of data
C:\Users\alani\Desktop\Projects\1.9-GS\1.9GS\NetworkDriver.h(145,103): warning C4244: 'argument': conversion from 'float' to 'UC::int32', possible loss of data
C:\Users\alani\Desktop\Projects\1.9-GS\1.9GS\NetworkDriver.h(145,60): warning C4244: 'initializing': conversion from 'UC::int32' to 'float', possible loss of data
C:\Users\alani\Desktop\Projects\1.9-GS\1.9GS\NetworkDriver.h(145,23): warning C4244: 'initializing': conversion from 'UC::int32' to 'const float', possible loss of data
C:\Users\alani\Desktop\Projects\1.9-GS\1.9GS\NetworkDriver.h(190,7): warning C4102: 'https': unreferenced label
  Basic.cpp
  CoreUObject_functions.cpp
  Engine_functions.cpp
C:\Users\alani\Desktop\Projects\1.9-GS\1.9GS\SDK\SDK\Engine_classes.hpp(596,70): warning C4099: 'SDK::FVector': type name first seen using 'struct' now seen using 'class'
  FortniteGame_functions.cpp
C:\Users\alani\Desktop\Projects\1.9-GS\1.9GS\SDK\SDK\Engine_classes.hpp(596,70): warning C4099: 'SDK::FVector': type name first seen using 'struct' now seen using 'class'
  Generating Code...
  LINK : C:\Users\alani\Desktop\Projects\1.9-GS\x64\Debug\1.9GS.dll not found or not built by the last incremental link; performing full link
LINK : warning LNK4098: defaultlib 'LIBCMTD' conflicts with use of other libs; use /NODEFAULTLIB:library
  1.9GS.vcxproj -> C:\Users\alani\Desktop\Projects\1.9-GS\x64\Debug\1.9GS.dll
